{"/Users/jppianta83/MainProjects/A11y Backpack/src/a11yBackpack.ts": {"path":"/Users/jppianta83/MainProjects/A11y Backpack/src/a11yBackpack.ts","statementMap":{"0":{"start":{"line":9,"column":4},"end":{"line":9,"column":86}},"1":{"start":{"line":13,"column":4},"end":{"line":13,"column":85}},"2":{"start":{"line":17,"column":4},"end":{"line":20,"column":5}},"3":{"start":{"line":18,"column":6},"end":{"line":18,"column":37}},"4":{"start":{"line":19,"column":6},"end":{"line":19,"column":39}},"5":{"start":{"line":22,"column":4},"end":{"line":22,"column":44}},"6":{"start":{"line":26,"column":4},"end":{"line":34,"column":6}},"7":{"start":{"line":27,"column":22},"end":{"line":27,"column":49}},"8":{"start":{"line":29,"column":6},"end":{"line":33,"column":7}},"9":{"start":{"line":30,"column":8},"end":{"line":30,"column":24}},"10":{"start":{"line":32,"column":8},"end":{"line":32,"column":66}},"11":{"start":{"line":38,"column":4},"end":{"line":38,"column":37}},"12":{"start":{"line":39,"column":4},"end":{"line":48,"column":6}},"13":{"start":{"line":40,"column":22},"end":{"line":40,"column":49}},"14":{"start":{"line":42,"column":6},"end":{"line":47,"column":7}},"15":{"start":{"line":43,"column":21},"end":{"line":43,"column":38}},"16":{"start":{"line":44,"column":8},"end":{"line":44,"column":53}},"17":{"start":{"line":46,"column":8},"end":{"line":46,"column":66}},"18":{"start":{"line":52,"column":4},"end":{"line":52,"column":30}},"19":{"start":{"line":54,"column":4},"end":{"line":54,"column":55}},"20":{"start":{"line":58,"column":4},"end":{"line":61,"column":5}},"21":{"start":{"line":59,"column":6},"end":{"line":59,"column":51}},"22":{"start":{"line":60,"column":6},"end":{"line":60,"column":44}},"23":{"start":{"line":65,"column":4},"end":{"line":73,"column":5}},"24":{"start":{"line":66,"column":6},"end":{"line":66,"column":65}},"25":{"start":{"line":67,"column":6},"end":{"line":72,"column":7}},"26":{"start":{"line":68,"column":8},"end":{"line":68,"column":43}},"27":{"start":{"line":70,"column":8},"end":{"line":70,"column":48}},"28":{"start":{"line":71,"column":8},"end":{"line":71,"column":18}},"29":{"start":{"line":77,"column":28},"end":{"line":77,"column":46}}},"fnMap":{"0":{"name":"(anonymous_0)","decl":{"start":{"line":8,"column":2},"end":{"line":8,"column":3}},"loc":{"start":{"line":8,"column":69},"end":{"line":10,"column":3}},"line":8},"1":{"name":"(anonymous_1)","decl":{"start":{"line":12,"column":2},"end":{"line":12,"column":3}},"loc":{"start":{"line":12,"column":68},"end":{"line":14,"column":3}},"line":12},"2":{"name":"(anonymous_2)","decl":{"start":{"line":16,"column":2},"end":{"line":16,"column":3}},"loc":{"start":{"line":16,"column":12},"end":{"line":23,"column":3}},"line":16},"3":{"name":"(anonymous_3)","decl":{"start":{"line":25,"column":2},"end":{"line":25,"column":3}},"loc":{"start":{"line":25,"column":48},"end":{"line":35,"column":3}},"line":25},"4":{"name":"(anonymous_4)","decl":{"start":{"line":26,"column":11},"end":{"line":26,"column":12}},"loc":{"start":{"line":26,"column":17},"end":{"line":34,"column":5}},"line":26},"5":{"name":"(anonymous_5)","decl":{"start":{"line":37,"column":2},"end":{"line":37,"column":3}},"loc":{"start":{"line":37,"column":47},"end":{"line":49,"column":3}},"line":37},"6":{"name":"(anonymous_6)","decl":{"start":{"line":39,"column":11},"end":{"line":39,"column":12}},"loc":{"start":{"line":39,"column":17},"end":{"line":48,"column":5}},"line":39},"7":{"name":"(anonymous_7)","decl":{"start":{"line":51,"column":2},"end":{"line":51,"column":3}},"loc":{"start":{"line":51,"column":64},"end":{"line":55,"column":3}},"line":51},"8":{"name":"(anonymous_8)","decl":{"start":{"line":57,"column":2},"end":{"line":57,"column":3}},"loc":{"start":{"line":57,"column":31},"end":{"line":62,"column":3}},"line":57},"9":{"name":"(anonymous_9)","decl":{"start":{"line":64,"column":2},"end":{"line":64,"column":3}},"loc":{"start":{"line":64,"column":38},"end":{"line":74,"column":3}},"line":64}},"branchMap":{"0":{"loc":{"start":{"line":17,"column":4},"end":{"line":20,"column":5}},"type":"if","locations":[{"start":{"line":17,"column":4},"end":{"line":20,"column":5}},{"start":{"line":17,"column":4},"end":{"line":20,"column":5}}],"line":17},"1":{"loc":{"start":{"line":29,"column":6},"end":{"line":33,"column":7}},"type":"if","locations":[{"start":{"line":29,"column":6},"end":{"line":33,"column":7}},{"start":{"line":29,"column":6},"end":{"line":33,"column":7}}],"line":29},"2":{"loc":{"start":{"line":42,"column":6},"end":{"line":47,"column":7}},"type":"if","locations":[{"start":{"line":42,"column":6},"end":{"line":47,"column":7}},{"start":{"line":42,"column":6},"end":{"line":47,"column":7}}],"line":42},"3":{"loc":{"start":{"line":58,"column":4},"end":{"line":61,"column":5}},"type":"if","locations":[{"start":{"line":58,"column":4},"end":{"line":61,"column":5}},{"start":{"line":58,"column":4},"end":{"line":61,"column":5}}],"line":58},"4":{"loc":{"start":{"line":65,"column":4},"end":{"line":73,"column":5}},"type":"if","locations":[{"start":{"line":65,"column":4},"end":{"line":73,"column":5}},{"start":{"line":65,"column":4},"end":{"line":73,"column":5}}],"line":65}},"s":{"0":1,"1":1,"2":12,"3":5,"4":5,"5":12,"6":3,"7":3,"8":3,"9":2,"10":1,"11":3,"12":3,"13":3,"14":3,"15":2,"16":2,"17":1,"18":3,"19":3,"20":6,"21":5,"22":5,"23":7,"24":6,"25":6,"26":6,"27":1,"28":1,"29":1},"f":{"0":1,"1":1,"2":12,"3":3,"4":3,"5":3,"6":3,"7":3,"8":6,"9":7},"b":{"0":[5,7],"1":[2,1],"2":[2,1],"3":[5,1],"4":[6,1]},"_coverageSchema":"43e27e138ebf9cfc5966b082cf9a028302ed4184","hash":"825ac3f9cea0fbc5bebca85cee48112a1fb66d74"}
,"/Users/jppianta83/MainProjects/A11y Backpack/src/keyboardHandler.ts": {"path":"/Users/jppianta83/MainProjects/A11y Backpack/src/keyboardHandler.ts","statementMap":{"0":{"start":{"line":2,"column":29},"end":{"line":2,"column":58}},"1":{"start":{"line":3,"column":25},"end":{"line":3,"column":42}},"2":{"start":{"line":6,"column":4},"end":{"line":6,"column":60}},"3":{"start":{"line":10,"column":4},"end":{"line":10,"column":63}},"4":{"start":{"line":11,"column":4},"end":{"line":11,"column":34}},"5":{"start":{"line":15,"column":4},"end":{"line":19,"column":5}},"6":{"start":{"line":16,"column":6},"end":{"line":16,"column":47}},"7":{"start":{"line":18,"column":6},"end":{"line":18,"column":86}},"8":{"start":{"line":23,"column":4},"end":{"line":23,"column":45}},"9":{"start":{"line":24,"column":4},"end":{"line":24,"column":31}},"10":{"start":{"line":27,"column":25},"end":{"line":32,"column":3}},"11":{"start":{"line":28,"column":16},"end":{"line":28,"column":25}},"12":{"start":{"line":29,"column":4},"end":{"line":31,"column":5}},"13":{"start":{"line":30,"column":6},"end":{"line":30,"column":40}}},"fnMap":{"0":{"name":"(anonymous_0)","decl":{"start":{"line":5,"column":2},"end":{"line":5,"column":3}},"loc":{"start":{"line":5,"column":19},"end":{"line":7,"column":3}},"line":5},"1":{"name":"(anonymous_1)","decl":{"start":{"line":9,"column":2},"end":{"line":9,"column":3}},"loc":{"start":{"line":9,"column":12},"end":{"line":12,"column":3}},"line":9},"2":{"name":"(anonymous_2)","decl":{"start":{"line":14,"column":2},"end":{"line":14,"column":3}},"loc":{"start":{"line":14,"column":51},"end":{"line":20,"column":3}},"line":14},"3":{"name":"(anonymous_3)","decl":{"start":{"line":22,"column":2},"end":{"line":22,"column":3}},"loc":{"start":{"line":22,"column":60},"end":{"line":25,"column":3}},"line":22},"4":{"name":"(anonymous_4)","decl":{"start":{"line":27,"column":25},"end":{"line":27,"column":26}},"loc":{"start":{"line":27,"column":51},"end":{"line":32,"column":3}},"line":27}},"branchMap":{"0":{"loc":{"start":{"line":15,"column":4},"end":{"line":19,"column":5}},"type":"if","locations":[{"start":{"line":15,"column":4},"end":{"line":19,"column":5}},{"start":{"line":15,"column":4},"end":{"line":19,"column":5}}],"line":15},"1":{"loc":{"start":{"line":29,"column":4},"end":{"line":31,"column":5}},"type":"if","locations":[{"start":{"line":29,"column":4},"end":{"line":31,"column":5}},{"start":{"line":29,"column":4},"end":{"line":31,"column":5}}],"line":29}},"s":{"0":12,"1":12,"2":12,"3":13,"4":13,"5":8,"6":7,"7":1,"8":4,"9":4,"10":12,"11":5,"12":5,"13":4},"f":{"0":12,"1":13,"2":8,"3":4,"4":5},"b":{"0":[7,1],"1":[4,1]},"_coverageSchema":"43e27e138ebf9cfc5966b082cf9a028302ed4184","hash":"133597c33d4cf8f1b268c93059ff3c863ef6b243"}
,"/Users/jppianta83/MainProjects/A11y Backpack/src/webSpeech/speechSynthesisHandler.ts": {"path":"/Users/jppianta83/MainProjects/A11y Backpack/src/webSpeech/speechSynthesisHandler.ts","statementMap":{"0":{"start":{"line":5,"column":4},"end":{"line":9,"column":5}},"1":{"start":{"line":6,"column":6},"end":{"line":6,"column":52}},"2":{"start":{"line":8,"column":6},"end":{"line":8,"column":75}},"3":{"start":{"line":13,"column":4},"end":{"line":15,"column":5}},"4":{"start":{"line":14,"column":6},"end":{"line":14,"column":18}},"5":{"start":{"line":16,"column":4},"end":{"line":16,"column":75}}},"fnMap":{"0":{"name":"(anonymous_0)","decl":{"start":{"line":4,"column":2},"end":{"line":4,"column":3}},"loc":{"start":{"line":4,"column":9},"end":{"line":10,"column":3}},"line":4},"1":{"name":"(anonymous_1)","decl":{"start":{"line":12,"column":2},"end":{"line":12,"column":3}},"loc":{"start":{"line":12,"column":26},"end":{"line":17,"column":3}},"line":12}},"branchMap":{"0":{"loc":{"start":{"line":5,"column":4},"end":{"line":9,"column":5}},"type":"if","locations":[{"start":{"line":5,"column":4},"end":{"line":9,"column":5}},{"start":{"line":5,"column":4},"end":{"line":9,"column":5}}],"line":5},"1":{"loc":{"start":{"line":13,"column":4},"end":{"line":15,"column":5}},"type":"if","locations":[{"start":{"line":13,"column":4},"end":{"line":15,"column":5}},{"start":{"line":13,"column":4},"end":{"line":15,"column":5}}],"line":13}},"s":{"0":9,"1":7,"2":2,"3":3,"4":1,"5":3},"f":{"0":9,"1":3},"b":{"0":[7,2],"1":[1,2]},"_coverageSchema":"43e27e138ebf9cfc5966b082cf9a028302ed4184","hash":"a80e71298252bc3f1f5b5ce0edba445d51d8258b"}
}
