TN:
SF:/Users/jppianta83/MainProjects/A11y Backpack/src/a11yBackpack.ts
FN:8,(anonymous_0)
FN:12,(anonymous_1)
FN:16,(anonymous_2)
FN:25,(anonymous_3)
FN:26,(anonymous_4)
FN:37,(anonymous_5)
FN:39,(anonymous_6)
FN:51,(anonymous_7)
FN:57,(anonymous_8)
FN:64,(anonymous_9)
FNF:10
FNH:10
FNDA:1,(anonymous_0)
FNDA:1,(anonymous_1)
FNDA:12,(anonymous_2)
FNDA:3,(anonymous_3)
FNDA:3,(anonymous_4)
FNDA:3,(anonymous_5)
FNDA:3,(anonymous_6)
FNDA:3,(anonymous_7)
FNDA:6,(anonymous_8)
FNDA:7,(anonymous_9)
DA:9,1
DA:13,1
DA:17,12
DA:18,5
DA:19,5
DA:22,12
DA:26,3
DA:27,3
DA:29,3
DA:30,2
DA:32,1
DA:38,3
DA:39,3
DA:40,3
DA:42,3
DA:43,2
DA:44,2
DA:46,1
DA:52,3
DA:54,3
DA:58,6
DA:59,5
DA:60,5
DA:65,7
DA:66,6
DA:67,6
DA:68,6
DA:70,1
DA:71,1
DA:77,1
LF:30
LH:30
BRDA:17,0,0,5
BRDA:17,0,1,7
BRDA:29,1,0,2
BRDA:29,1,1,1
BRDA:42,2,0,2
BRDA:42,2,1,1
BRDA:58,3,0,5
BRDA:58,3,1,1
BRDA:65,4,0,6
BRDA:65,4,1,1
BRF:10
BRH:10
end_of_record
TN:
SF:/Users/jppianta83/MainProjects/A11y Backpack/src/keyboardHandler.ts
FN:5,(anonymous_0)
FN:9,(anonymous_1)
FN:14,(anonymous_2)
FN:22,(anonymous_3)
FN:27,(anonymous_4)
FNF:5
FNH:5
FNDA:12,(anonymous_0)
FNDA:13,(anonymous_1)
FNDA:8,(anonymous_2)
FNDA:4,(anonymous_3)
FNDA:5,(anonymous_4)
DA:2,12
DA:3,12
DA:6,12
DA:10,13
DA:11,13
DA:15,8
DA:16,7
DA:18,1
DA:23,4
DA:24,4
DA:27,12
DA:28,5
DA:29,5
DA:30,4
LF:14
LH:14
BRDA:15,0,0,7
BRDA:15,0,1,1
BRDA:29,1,0,4
BRDA:29,1,1,1
BRF:4
BRH:4
end_of_record
TN:
SF:/Users/jppianta83/MainProjects/A11y Backpack/src/webSpeech/speechSynthesisHandler.ts
FN:4,(anonymous_0)
FN:12,(anonymous_1)
FNF:2
FNH:2
FNDA:9,(anonymous_0)
FNDA:3,(anonymous_1)
DA:5,9
DA:6,7
DA:8,2
DA:13,3
DA:14,1
DA:16,3
LF:6
LH:6
BRDA:5,0,0,7
BRDA:5,0,1,2
BRDA:13,1,0,1
BRDA:13,1,1,2
BRF:4
BRH:4
end_of_record
